------------------------------------------
DATE: 2026-02-27 12:35:00
TO: filqathalitanp@gmail.com
SUBJECT: Pembayaran DP Diterima - Booking Lapangan
MESSAGE: 
    
    
        Pembayaran Diterima
        
            body { font-family: Arial, sans-serif; line-height: 1.6; color: #333; }
            .container { width: 80%; margin: 20px auto; padding: 20px; border: 1px solid #eee; border-radius: 10px; }
            .header { background: #007AFF; color: white; padding: 10px; text-align: center; border-radius: 10px 10px 0 0; }
            .content { padding: 20px; }
            .details { background: #f9f9f9; padding: 15px; border-radius: 5px; margin-top: 15px; }
            .footer { margin-top: 20px; font-size: 12px; color: #777; text-align: center; }
        
    
    
        
            
                Booking Lapangan
            
            
                Halo Filqa,
                Terima kasih! Kami telah menerima bukti pembayaran DP Anda untuk pesanan berikut:
                
                
                    ID Booking: #4
                    Lapangan: Lapangan Futsal A
                    Tanggal Main: 01 Mar 2026
                    Waktu: 12:00 - 14:00
                
                
                Saat ini admin kami sedang melakukan verifikasi bukti pembayaran Anda. Kami akan memberikan notifikasi setelah status pesanan diperbarui.
                
                Silakan pantau status pesanan Anda di menu Profil Saya di aplikasi.
            
            
                &copy; 2026 Booking Lapangan. Seluruh Hak Dilindungi.
            
        
    
    
    
STATUS: Failed (Local Server Restriction)
------------------------------------------

------------------------------------------
DATE: 2026-02-28 21:48:52
TO: customer@test.com
SUBJECT: Pembayaran DP Diterima - Booking Lapangan
MESSAGE: 
    
    
        Pembayaran Diterima
        
            body { font-family: Arial, sans-serif; line-height: 1.6; color: #333; }
            .container { width: 80%; margin: 20px auto; padding: 20px; border: 1px solid #eee; border-radius: 10px; }
            .header { background: #007AFF; color: white; padding: 10px; text-align: center; border-radius: 10px 10px 0 0; }
            .content { padding: 20px; }
            .details { background: #f9f9f9; padding: 15px; border-radius: 5px; margin-top: 15px; }
            .footer { margin-top: 20px; font-size: 12px; color: #777; text-align: center; }
        
    
    
        
            
                Booking Lapangan
            
            
                Halo Test Customer,
                Terima kasih! Kami telah menerima bukti pembayaran DP Anda untuk pesanan berikut:
                
                
                    ID Booking: #5
                    Lapangan: Lapangan Futsal A
                    Tanggal Main: 06 Mar 2026
                    Waktu: 08:00 - 10:00
                
                
                Saat ini admin kami sedang melakukan verifikasi bukti pembayaran Anda. Kami akan memberikan notifikasi setelah status pesanan diperbarui.
                
                Silakan pantau status pesanan Anda di menu Profil Saya di aplikasi.
            
            
                &copy; 2026 Booking Lapangan. Seluruh Hak Dilindungi.
            
        
    
    
    
STATUS: Failed (Local Server Restriction)
------------------------------------------

------------------------------------------
DATE: 2026-03-01 00:16:21
TO: filqathalitanp@gmail.com
SUBJECT: Pembayaran DP Diterima - Booking Lapangan
MESSAGE: 
    
    
        Pembayaran Diterima
        
            body { font-family: Arial, sans-serif; line-height: 1.6; color: #333; }
            .container { width: 80%; margin: 20px auto; padding: 20px; border: 1px solid #eee; border-radius: 10px; }
            .header { background: #007AFF; color: white; padding: 10px; text-align: center; border-radius: 10px 10px 0 0; }
            .content { padding: 20px; }
            .details { background: #f9f9f9; padding: 15px; border-radius: 5px; margin-top: 15px; }
            .footer { margin-top: 20px; font-size: 12px; color: #777; text-align: center; }
        
    
    
        
            
                Booking Lapangan
            
            
                Halo Filqa,
                Terima kasih! Kami telah menerima bukti pembayaran DP Anda untuk pesanan berikut:
                
                
                    ID Booking: #6
                    Lapangan: Lapangan Futsal A
                    Tanggal Main: 03 Mar 2026
                    Waktu: 08:00 - 10:00
                
                
                Saat ini admin kami sedang melakukan verifikasi bukti pembayaran Anda. Kami akan memberikan notifikasi setelah status pesanan diperbarui.
                
                Silakan pantau status pesanan Anda di menu Profil Saya di aplikasi.
            
            
                &copy; 2026 Booking Lapangan. Seluruh Hak Dilindungi.
            
        
    
    
    
STATUS: Failed (Local Server Restriction)
------------------------------------------

------------------------------------------
DATE: 2026-03-01 00:47:25
TO: filqathalitanp@gmail.com
SUBJECT: Update Status Pesanan: DP Berhasil Diverifikasi - Booking Lapangan
MESSAGE: 
    
    
        Status Pesanan Diperbarui
        
            body { font-family: Arial, sans-serif; line-height: 1.6; color: #333; }
            .container { width: 80%; margin: 20px auto; padding: 20px; border: 1px solid #eee; border-radius: 10px; }
            .header { background: #34C759; color: white; padding: 10px; text-align: center; border-radius: 10px 10px 0 0; }
            .content { padding: 20px; }
            .details { background: #f9f9f9; padding: 15px; border-radius: 5px; margin-top: 15px; }
            .footer { margin-top: 20px; font-size: 12px; color: #777; text-align: center; }
        
    
    
        
            
                Konfirmasi Pembayaran
            
            
                Halo Filqa,
                Kabar baik! Pembayaran Anda telah DIVERIFIKASI oleh admin kami.
                
                
                    Status Baru: DP Berhasil Diverifikasi
                    ID Booking: #6
                    Lapangan: Lapangan Futsal A
                
                Pembayaran DP Anda sudah masuk. Jangan lupa untuk melakukan pelunasan sebelum waktu bermain dimulai.
                Selamat berolahraga!
            
            
                &copy; 2026 Booking Lapangan. Seluruh Hak Dilindungi.
            
        
    
    
    
STATUS: Failed (Local Server Restriction)
------------------------------------------

------------------------------------------
DATE: 2026-03-01 12:49:36
TO: filqathalitanp@gmail.com
SUBJECT: Pembayaran DP Diterima - Booking Lapangan
MESSAGE: 
    
    
        Pembayaran Diterima
        
            body { font-family: Arial, sans-serif; line-height: 1.6; color: #333; }
            .container { width: 80%; margin: 20px auto; padding: 20px; border: 1px solid #eee; border-radius: 10px; }
            .header { background: #007AFF; color: white; padding: 10px; text-align: center; border-radius: 10px 10px 0 0; }
            .content { padding: 20px; }
            .details { background: #f9f9f9; padding: 15px; border-radius: 5px; margin-top: 15px; }
            .footer { margin-top: 20px; font-size: 12px; color: #777; text-align: center; }
        
    
    
        
            
                Booking Lapangan
            
            
                Halo Filqa,
                Terima kasih! Kami telah menerima bukti pembayaran DP Anda untuk pesanan berikut:
                
                
                    ID Booking: #7
                    Lapangan: Lapangan Futsal A
                    Tanggal Main: 03 Mar 2026
                    Waktu: 11:00 - 13:00
                
                
                Saat ini admin kami sedang melakukan verifikasi bukti pembayaran Anda. Kami akan memberikan notifikasi setelah status pesanan diperbarui.
                
                Silakan pantau status pesanan Anda di menu Profil Saya di aplikasi.
            
            
                &copy; 2026 Booking Lapangan. Seluruh Hak Dilindungi.
            
        
    
    
    
STATUS: Failed (Local Server Restriction)
------------------------------------------

------------------------------------------
DATE: 2026-03-01 12:51:13
TO: filqathalitanp@gmail.com
SUBJECT: Pembayaran Pelunasan Diterima - Booking Lapangan
MESSAGE: 
    
    
        Pembayaran Diterima
        
            body { font-family: Arial, sans-serif; line-height: 1.6; color: #333; }
            .container { width: 80%; margin: 20px auto; padding: 20px; border: 1px solid #eee; border-radius: 10px; }
            .header { background: #007AFF; color: white; padding: 10px; text-align: center; border-radius: 10px 10px 0 0; }
            .content { padding: 20px; }
            .details { background: #f9f9f9; padding: 15px; border-radius: 5px; margin-top: 15px; }
            .footer { margin-top: 20px; font-size: 12px; color: #777; text-align: center; }
        
    
    
        
            
                Booking Lapangan
            
            
                Halo Filqa,
                Terima kasih! Kami telah menerima bukti pembayaran Pelunasan Anda untuk pesanan berikut:
                
                
                    ID Booking: #6
                    Lapangan: Lapangan Futsal A
                    Tanggal Main: 03 Mar 2026
                    Waktu: 08:00 - 10:00
                
                
                Saat ini admin kami sedang melakukan verifikasi bukti pembayaran Anda. Kami akan memberikan notifikasi setelah status pesanan diperbarui.
                
                Silakan pantau status pesanan Anda di menu Profil Saya di aplikasi.
            
            
                &copy; 2026 Booking Lapangan. Seluruh Hak Dilindungi.
            
        
    
    
    
STATUS: Failed (Local Server Restriction)
------------------------------------------

------------------------------------------
DATE: 2026-03-01 21:35:47
TO: test@gmail.com
SUBJECT: Pembayaran DP Diterima - Booking Lapangan
MESSAGE: 
    
    
        Pembayaran Diterima
        
            body { font-family: Arial, sans-serif; line-height: 1.6; color: #333; }
            .container { width: 80%; margin: 20px auto; padding: 20px; border: 1px solid #eee; border-radius: 10px; }
            .header { background: #007AFF; color: white; padding: 10px; text-align: center; border-radius: 10px 10px 0 0; }
            .content { padding: 20px; }
            .details { background: #f9f9f9; padding: 15px; border-radius: 5px; margin-top: 15px; }
            .footer { margin-top: 20px; font-size: 12px; color: #777; text-align: center; }
        
    
    
        
            
                Booking Lapangan
            
            
                Halo test,
                Terima kasih! Kami telah menerima bukti pembayaran DP Anda untuk pesanan berikut:
                
                
                    ID Booking: #1
                    Lapangan: Lapangan Badminton 1
                    Tanggal Main: 01 Mar 2026
                    Waktu: 08:00 - 09:00
                
                
                Saat ini admin kami sedang melakukan verifikasi bukti pembayaran Anda. Kami akan memberikan notifikasi setelah status pesanan diperbarui.
                
                Silakan pantau status pesanan Anda di menu Profil Saya di aplikasi.
            
            
                &copy; 2026 Booking Lapangan. Seluruh Hak Dilindungi.
            
        
    
    
    
STATUS: Sent (Attempted)
------------------------------------------

------------------------------------------
DATE: 2026-03-01 21:46:20
TO: test@gmail.com
SUBJECT: Update Status Pesanan: DP Berhasil Diverifikasi - Booking Lapangan
MESSAGE: 
    
    
        Status Pesanan Diperbarui
        
            body { font-family: Arial, sans-serif; line-height: 1.6; color: #333; }
            .container { width: 80%; margin: 20px auto; padding: 20px; border: 1px solid #eee; border-radius: 10px; }
            .header { background: #34C759; color: white; padding: 10px; text-align: center; border-radius: 10px 10px 0 0; }
            .content { padding: 20px; }
            .details { background: #f9f9f9; padding: 15px; border-radius: 5px; margin-top: 15px; }
            .footer { margin-top: 20px; font-size: 12px; color: #777; text-align: center; }
        
    
    
        
            
                Konfirmasi Pembayaran
            
            
                Halo test,
                Kabar baik! Pembayaran Anda telah DIVERIFIKASI oleh admin kami.
                
                
                    Status Baru: DP Berhasil Diverifikasi
                    ID Booking: #1
                    Lapangan: Lapangan Badminton 1
                
                Pembayaran DP Anda sudah masuk. Jangan lupa untuk melakukan pelunasan sebelum waktu bermain dimulai.
                Selamat berolahraga!
            
            
                &copy; 2026 Booking Lapangan. Seluruh Hak Dilindungi.
            
        
    
    
    
STATUS: Sent (Attempted)
------------------------------------------

